<?xml version="1.0" encoding="UTF-8"?>
<testsuite name="com.cepheid.cloud.skel.ItemControllerTest" tests="8" skipped="0" failures="0" errors="0" timestamp="2020-05-25T13:57:59" hostname="DESKTOP-GENPQ12" time="5.272">
  <properties/>
  <testcase name="testGetItemById" classname="com.cepheid.cloud.skel.ItemControllerTest" time="3.556"/>
  <testcase name="testGetItemByName" classname="com.cepheid.cloud.skel.ItemControllerTest" time="0.313"/>
  <testcase name="testGetItemBySate" classname="com.cepheid.cloud.skel.ItemControllerTest" time="0.24"/>
  <testcase name="testGetAllItems" classname="com.cepheid.cloud.skel.ItemControllerTest" time="0.3"/>
  <testcase name="testGetItemsWithNameAndState" classname="com.cepheid.cloud.skel.ItemControllerTest" time="0.156"/>
  <testcase name="testCreate" classname="com.cepheid.cloud.skel.ItemControllerTest" time="0.176"/>
  <testcase name="testDelete" classname="com.cepheid.cloud.skel.ItemControllerTest" time="0.234"/>
  <testcase name="testItemUpdate" classname="com.cepheid.cloud.skel.ItemControllerTest" time="0.263"/>
  <system-out><![CDATA[15:57:27.761 [Test worker] DEBUG org.springframework.test.context.junit4.SpringJUnit4ClassRunner - SpringJUnit4ClassRunner constructor called with [class com.cepheid.cloud.skel.ItemControllerTest]
15:57:27.775 [Test worker] DEBUG org.springframework.test.context.BootstrapUtils - Instantiating CacheAwareContextLoaderDelegate from class [org.springframework.test.context.cache.DefaultCacheAwareContextLoaderDelegate]
15:57:27.787 [Test worker] DEBUG org.springframework.test.context.BootstrapUtils - Instantiating BootstrapContext using constructor [public org.springframework.test.context.support.DefaultBootstrapContext(java.lang.Class,org.springframework.test.context.CacheAwareContextLoaderDelegate)]
15:57:27.810 [Test worker] DEBUG org.springframework.test.context.BootstrapUtils - Instantiating TestContextBootstrapper for test class [com.cepheid.cloud.skel.ItemControllerTest] from class [org.springframework.boot.test.context.SpringBootTestContextBootstrapper]
15:57:27.825 [Test worker] INFO org.springframework.boot.test.context.SpringBootTestContextBootstrapper - Neither @ContextConfiguration nor @ContextHierarchy found for test class [com.cepheid.cloud.skel.ItemControllerTest], using SpringBootContextLoader
15:57:27.830 [Test worker] DEBUG org.springframework.test.context.support.AbstractContextLoader - Did not detect default resource location for test class [com.cepheid.cloud.skel.ItemControllerTest]: class path resource [com/cepheid/cloud/skel/ItemControllerTest-context.xml] does not exist
15:57:27.832 [Test worker] DEBUG org.springframework.test.context.support.AbstractContextLoader - Did not detect default resource location for test class [com.cepheid.cloud.skel.ItemControllerTest]: class path resource [com/cepheid/cloud/skel/ItemControllerTestContext.groovy] does not exist
15:57:27.833 [Test worker] INFO org.springframework.test.context.support.AbstractContextLoader - Could not detect default resource locations for test class [com.cepheid.cloud.skel.ItemControllerTest]: no resource found for suffixes {-context.xml, Context.groovy}.
15:57:27.947 [Test worker] DEBUG org.springframework.test.context.support.ActiveProfilesUtils - Could not find an 'annotation declaring class' for annotation type [org.springframework.test.context.ActiveProfiles] and class [com.cepheid.cloud.skel.ItemControllerTest]
15:57:28.221 [Test worker] DEBUG org.springframework.boot.test.context.SpringBootTestContextBootstrapper - @TestExecutionListeners is not present for class [com.cepheid.cloud.skel.ItemControllerTest]: using defaults.
15:57:28.222 [Test worker] INFO org.springframework.boot.test.context.SpringBootTestContextBootstrapper - Loaded default TestExecutionListener class names from location [META-INF/spring.factories]: [org.springframework.security.test.context.support.WithSecurityContextTestExecutionListener, org.springframework.security.test.context.support.ReactorContextTestExecutionListener, org.springframework.boot.test.autoconfigure.restdocs.RestDocsTestExecutionListener, org.springframework.boot.test.autoconfigure.web.client.MockRestServiceServerResetTestExecutionListener, org.springframework.boot.test.autoconfigure.web.servlet.MockMvcPrintOnlyOnFailureTestExecutionListener, org.springframework.boot.test.autoconfigure.web.servlet.WebDriverTestExecutionListener, org.springframework.boot.test.mock.mockito.MockitoTestExecutionListener, org.springframework.boot.test.mock.mockito.ResetMocksTestExecutionListener, org.springframework.test.context.web.ServletTestExecutionListener, org.springframework.test.context.support.DirtiesContextBeforeModesTestExecutionListener, org.springframework.test.context.support.DependencyInjectionTestExecutionListener, org.springframework.test.context.support.DirtiesContextTestExecutionListener, org.springframework.test.context.transaction.TransactionalTestExecutionListener, org.springframework.test.context.jdbc.SqlScriptsTestExecutionListener]
15:57:28.254 [Test worker] INFO org.springframework.boot.test.context.SpringBootTestContextBootstrapper - Using TestExecutionListeners: [org.springframework.test.context.web.ServletTestExecutionListener@21dcf841, org.springframework.test.context.support.DirtiesContextBeforeModesTestExecutionListener@778e9069, org.springframework.boot.test.mock.mockito.MockitoTestExecutionListener@3d96f3db, org.springframework.boot.test.autoconfigure.SpringBootDependencyInjectionTestExecutionListener@5b347366, org.springframework.test.context.support.DirtiesContextTestExecutionListener@1dec86b1, org.springframework.test.context.transaction.TransactionalTestExecutionListener@1ee250bd, org.springframework.test.context.jdbc.SqlScriptsTestExecutionListener@14e07091, org.springframework.security.test.context.support.WithSecurityContextTestExecutionListener@6c379e28, org.springframework.security.test.context.support.ReactorContextTestExecutionListener@15974411, org.springframework.boot.test.autoconfigure.restdocs.RestDocsTestExecutionListener@19fc99a6, org.springframework.boot.test.autoconfigure.web.client.MockRestServiceServerResetTestExecutionListener@e8f06f0, org.springframework.boot.test.autoconfigure.web.servlet.MockMvcPrintOnlyOnFailureTestExecutionListener@5e991fd7, org.springframework.boot.test.autoconfigure.web.servlet.WebDriverTestExecutionListener@71817fd9, org.springframework.boot.test.mock.mockito.ResetMocksTestExecutionListener@c4de9e6]
15:57:28.260 [Test worker] DEBUG org.springframework.test.annotation.ProfileValueUtils - Retrieved @ProfileValueSourceConfiguration [null] for test class [com.cepheid.cloud.skel.ItemControllerTest]
15:57:28.261 [Test worker] DEBUG org.springframework.test.annotation.ProfileValueUtils - Retrieved ProfileValueSource type [class org.springframework.test.annotation.SystemProfileValueSource] for class [com.cepheid.cloud.skel.ItemControllerTest]
15:57:28.266 [Test worker] DEBUG org.springframework.test.annotation.ProfileValueUtils - Retrieved @ProfileValueSourceConfiguration [null] for test class [com.cepheid.cloud.skel.ItemControllerTest]
15:57:28.266 [Test worker] DEBUG org.springframework.test.annotation.ProfileValueUtils - Retrieved ProfileValueSource type [class org.springframework.test.annotation.SystemProfileValueSource] for class [com.cepheid.cloud.skel.ItemControllerTest]
15:57:28.267 [Test worker] DEBUG org.springframework.test.annotation.ProfileValueUtils - Retrieved @ProfileValueSourceConfiguration [null] for test class [com.cepheid.cloud.skel.ItemControllerTest]
15:57:28.267 [Test worker] DEBUG org.springframework.test.annotation.ProfileValueUtils - Retrieved ProfileValueSource type [class org.springframework.test.annotation.SystemProfileValueSource] for class [com.cepheid.cloud.skel.ItemControllerTest]
15:57:28.271 [Test worker] DEBUG org.springframework.test.context.support.AbstractDirtiesContextTestExecutionListener - Before test class: context [DefaultTestContext@27915ab5 testClass = ItemControllerTest, testInstance = [null], testMethod = [null], testException = [null], mergedContextConfiguration = [WebMergedContextConfiguration@30394f01 testClass = ItemControllerTest, locations = '{}', classes = '{class com.cepheid.cloud.skel.SkelApplication, class com.cepheid.cloud.skel.SkelApplication}', contextInitializerClasses = '[]', activeProfiles = '{}', propertySourceLocations = '{}', propertySourceProperties = '{org.springframework.boot.test.context.SpringBootTestContextBootstrapper=true}', contextCustomizers = set[org.springframework.boot.test.autoconfigure.properties.PropertyMappingContextCustomizer@0, org.springframework.boot.test.autoconfigure.web.servlet.WebDriverContextCustomizerFactory$Customizer@5e2509f5, org.springframework.boot.test.context.filter.ExcludeFilterContextCustomizer@4efe448, org.springframework.boot.test.json.DuplicateJsonObjectContextCustomizerFactory$DuplicateJsonObjectContextCustomizer@1ea3447e, org.springframework.boot.test.mock.mockito.MockitoContextCustomizer@0, org.springframework.boot.test.web.client.TestRestTemplateContextCustomizer@5d006f9], resourceBasePath = 'src/main/webapp', contextLoader = 'org.springframework.boot.test.context.SpringBootContextLoader', parent = [null]], attributes = map['org.springframework.test.context.web.ServletTestExecutionListener.activateListener' -> false]], class annotated with @DirtiesContext [false] with mode [null].
15:57:28.272 [Test worker] DEBUG org.springframework.test.annotation.ProfileValueUtils - Retrieved @ProfileValueSourceConfiguration [null] for test class [com.cepheid.cloud.skel.ItemControllerTest]
15:57:28.273 [Test worker] DEBUG org.springframework.test.annotation.ProfileValueUtils - Retrieved ProfileValueSource type [class org.springframework.test.annotation.SystemProfileValueSource] for class [com.cepheid.cloud.skel.ItemControllerTest]
15:57:28.278 [Test worker] DEBUG org.springframework.test.context.support.DependencyInjectionTestExecutionListener - Performing dependency injection for test context [[DefaultTestContext@27915ab5 testClass = ItemControllerTest, testInstance = com.cepheid.cloud.skel.ItemControllerTest@6b5bdc04, testMethod = [null], testException = [null], mergedContextConfiguration = [WebMergedContextConfiguration@30394f01 testClass = ItemControllerTest, locations = '{}', classes = '{class com.cepheid.cloud.skel.SkelApplication, class com.cepheid.cloud.skel.SkelApplication}', contextInitializerClasses = '[]', activeProfiles = '{}', propertySourceLocations = '{}', propertySourceProperties = '{org.springframework.boot.test.context.SpringBootTestContextBootstrapper=true}', contextCustomizers = set[org.springframework.boot.test.autoconfigure.properties.PropertyMappingContextCustomizer@0, org.springframework.boot.test.autoconfigure.web.servlet.WebDriverContextCustomizerFactory$Customizer@5e2509f5, org.springframework.boot.test.context.filter.ExcludeFilterContextCustomizer@4efe448, org.springframework.boot.test.json.DuplicateJsonObjectContextCustomizerFactory$DuplicateJsonObjectContextCustomizer@1ea3447e, org.springframework.boot.test.mock.mockito.MockitoContextCustomizer@0, org.springframework.boot.test.web.client.TestRestTemplateContextCustomizer@5d006f9], resourceBasePath = 'src/main/webapp', contextLoader = 'org.springframework.boot.test.context.SpringBootContextLoader', parent = [null]], attributes = map['org.springframework.test.context.web.ServletTestExecutionListener.activateListener' -> false]]].
15:57:28.325 [Test worker] DEBUG org.springframework.test.context.support.TestPropertySourceUtils - Adding inlined properties to environment: {spring.jmx.enabled=false, org.springframework.boot.test.context.SpringBootTestContextBootstrapper=true}

  .   ____          _            __ _ _
 /\\ / ___'_ __ _ _(_)_ __  __ _ \ \ \ \
( ( )\___ | '_ | '_| | '_ \/ _` | \ \ \ \
 \\/  ___)| |_)| | | | | || (_| |  ) ) ) )
  '  |____| .__|_| |_|_| |_\__, | / / / /
 =========|_|==============|___/=/_/_/_/
 :: Spring Boot ::        (v2.1.8.RELEASE)

2020-05-25 15:57:28.991  INFO 5752 --- [    Test worker] c.cepheid.cloud.skel.ItemControllerTest  : Starting ItemControllerTest on DESKTOP-GENPQ12 with PID 5752 (started by Admin in C:\Users\Admin\IdeaProjects\spring-skel)
2020-05-25 15:57:28.994  INFO 5752 --- [    Test worker] c.cepheid.cloud.skel.ItemControllerTest  : No active profile set, falling back to default profiles: default
2020-05-25 15:57:30.844  INFO 5752 --- [    Test worker] .s.d.r.c.RepositoryConfigurationDelegate : Bootstrapping Spring Data repositories in DEFAULT mode.
2020-05-25 15:57:30.953  INFO 5752 --- [    Test worker] .s.d.r.c.RepositoryConfigurationDelegate : Finished Spring Data repository scanning in 95ms. Found 2 repository interfaces.
2020-05-25 15:57:32.353  INFO 5752 --- [    Test worker] trationDelegate$BeanPostProcessorChecker : Bean 'org.springframework.transaction.annotation.ProxyTransactionManagementConfiguration' of type [org.springframework.transaction.annotation.ProxyTransactionManagementConfiguration$$EnhancerBySpringCGLIB$$7f81ce10] is not eligible for getting processed by all BeanPostProcessors (for example: not eligible for auto-proxying)
2020-05-25 15:57:33.229  INFO 5752 --- [    Test worker] o.s.b.w.embedded.tomcat.TomcatWebServer  : Tomcat initialized with port(s): 9443 (http)
2020-05-25 15:57:33.288  INFO 5752 --- [    Test worker] o.apache.catalina.core.StandardService   : Starting service [Tomcat]
2020-05-25 15:57:33.289  INFO 5752 --- [    Test worker] org.apache.catalina.core.StandardEngine  : Starting Servlet engine: [Apache Tomcat/9.0.24]
2020-05-25 15:57:33.636  INFO 5752 --- [    Test worker] o.a.c.c.C.[Tomcat].[localhost].[/]       : Initializing Spring embedded WebApplicationContext
2020-05-25 15:57:33.637  INFO 5752 --- [    Test worker] o.s.web.context.ContextLoader            : Root WebApplicationContext: initialization completed in 4601 ms
2020-05-25 15:57:33.881  INFO 5752 --- [    Test worker] org.reflections.Reflections              : Reflections took 102 ms to scan 1 urls, producing 20 keys and 33 values 
2020-05-25 15:57:39.661  INFO 5752 --- [    Test worker] com.zaxxer.hikari.HikariDataSource       : HikariPool-1 - Starting...
2020-05-25 15:57:41.361  INFO 5752 --- [    Test worker] com.zaxxer.hikari.HikariDataSource       : HikariPool-1 - Start completed.
2020-05-25 15:57:42.965  INFO 5752 --- [    Test worker] o.hibernate.jpa.internal.util.LogHelper  : HHH000204: Processing PersistenceUnitInfo [
	name: default
	...]
2020-05-25 15:57:44.284  INFO 5752 --- [    Test worker] org.hibernate.Version                    : HHH000412: Hibernate Core {5.3.11.Final}
2020-05-25 15:57:44.292  INFO 5752 --- [    Test worker] org.hibernate.cfg.Environment            : HHH000206: hibernate.properties not found
2020-05-25 15:57:45.972  INFO 5752 --- [    Test worker] o.hibernate.annotations.common.Version   : HCANN000001: Hibernate Commons Annotations {5.0.4.Final}
2020-05-25 15:57:46.978  INFO 5752 --- [    Test worker] org.hibernate.dialect.Dialect            : HHH000400: Using dialect: org.hibernate.dialect.MySQL5InnoDBDialect
2020-05-25 15:57:47.466  INFO 5752 --- [    Test worker] o.h.e.j.e.i.LobCreatorBuilderImpl        : HHH000421: Disabling contextual LOB creation as hibernate.jdbc.lob.non_contextual_creation is true
2020-05-25 15:57:48.593  WARN 5752 --- [    Test worker] o.h.b.i.SessionFactoryOptionsBuilder     : Unrecognized hbm2ddl_auto value : create-only.  Supported values include 'create', 'create-drop', 'update', 'none' and 'validate'.  Ignoring
2020-05-25 15:57:50.680  INFO 5752 --- [    Test worker] o.h.t.schema.internal.SchemaCreatorImpl  : HHH000476: Executing import script 'org.hibernate.tool.schema.internal.exec.ScriptSourceInputNonExistentImpl@25fc0fb3'
2020-05-25 15:57:50.687  INFO 5752 --- [    Test worker] j.LocalContainerEntityManagerFactoryBean : Initialized JPA EntityManagerFactory for persistence unit 'default'
2020-05-25 15:57:51.700  INFO 5752 --- [    Test worker] o.h.h.i.QueryTranslatorFactoryInitiator  : HHH000397: Using ASTQueryTranslatorFactory
2020-05-25 15:57:53.077  INFO 5752 --- [    Test worker] .s.s.UserDetailsServiceAutoConfiguration : 

Using generated security password: 7e16f715-3045-4c68-a0cc-510a9de5d0a3

2020-05-25 15:57:53.662  INFO 5752 --- [    Test worker] o.s.s.web.DefaultSecurityFilterChain     : Creating filter chain: any request, [org.springframework.security.web.context.request.async.WebAsyncManagerIntegrationFilter@7d5913e5, org.springframework.security.web.context.SecurityContextPersistenceFilter@7506c85c, org.springframework.security.web.header.HeaderWriterFilter@5e1e82e5, org.springframework.web.filter.CorsFilter@54151893, org.springframework.security.web.authentication.logout.LogoutFilter@4e68556f, org.springframework.security.web.savedrequest.RequestCacheAwareFilter@4f3d0397, org.springframework.security.web.servletapi.SecurityContextHolderAwareRequestFilter@7387dec4, org.springframework.security.web.authentication.AnonymousAuthenticationFilter@68d326c1, org.springframework.security.web.session.SessionManagementFilter@7cf9113e, org.springframework.security.web.access.ExceptionTranslationFilter@1f576aa5, org.springframework.security.web.access.intercept.FilterSecurityInterceptor@a4fca46]
2020-05-25 15:57:55.208  INFO 5752 --- [    Test worker] o.s.s.concurrent.ThreadPoolTaskExecutor  : Initializing ExecutorService 'applicationTaskExecutor'
2020-05-25 15:57:55.521  WARN 5752 --- [    Test worker] aWebConfiguration$JpaWebMvcConfiguration : spring.jpa.open-in-view is enabled by default. Therefore, database queries may be performed during view rendering. Explicitly configure spring.jpa.open-in-view to disable this warning
2020-05-25 15:57:58.349  INFO 5752 --- [    Test worker] o.s.b.a.e.web.EndpointLinksResolver      : Exposing 2 endpoint(s) beneath base path '/actuator'
2020-05-25 15:57:59.024  INFO 5752 --- [    Test worker] o.s.b.w.embedded.tomcat.TomcatWebServer  : Tomcat started on port(s): 9443 (http) with context path ''
2020-05-25 15:57:59.060  INFO 5752 --- [    Test worker] c.cepheid.cloud.skel.ItemControllerTest  : Started ItemControllerTest in 30.712 seconds (JVM running for 32.759)
]]></system-out>
  <system-err><![CDATA[]]></system-err>
</testsuite>
